<?xml version="1.0" encoding="UTF-8"?>
<!-- Generated by org.testng.reporters.JUnitXMLReporter -->
<testsuite ignored="0" hostname="David" failures="0" tests="3" name="Default test" time="36.41" errors="0" timestamp="2020-06-05T16:49:46 PDT">
  <testcase classname="com.hrms.testcases.LoginTest" name="adminLogin" time="5.366"/>
  <testcase classname="com.hrms.testcases.LoginTest" name="emptyUsernameLogin" time="0.398"/>
  <testcase classname="com.hrms.testcases.LoginTest" name="invalidPasswordLogin" time="1.141"/>
</testsuite> <!-- Default test -->
