<?xml version="1.0" encoding="UTF-8"?>
<!-- Generated by org.testng.reporters.JUnitXMLReporter -->
<testsuite ignored="5" hostname="David" failures="0" tests="1" name="Test" time="14.149" errors="0" timestamp="2020-06-05T22:48:31 PDT">
  <testcase classname="com.hrms.testcases.LoginTest" name="adminLogin" time="5.439"/>
  <testcase classname="com.hrms.testcases.HWTest" name="loginCredentials" time="0.0">
    <ignored/>
  </testcase> <!-- loginCredentials -->
  <testcase classname="com.hrms.testcases.AddEmployeeTest" name="loginCredentials" time="0.0">
    <ignored/>
  </testcase> <!-- loginCredentials -->
  <testcase classname="com.hrms.testcases.LoginTest" name="invalidPasswordLogin" time="0.0">
    <ignored/>
  </testcase> <!-- invalidPasswordLogin -->
  <testcase classname="com.hrms.testcases.LoginTest" name="emptyUsernameLogin" time="0.0">
    <ignored/>
  </testcase> <!-- emptyUsernameLogin -->
  <testcase classname="com.hrms.testcases.sauceParameterDemo" name="login" time="0.0">
    <ignored/>
  </testcase> <!-- login -->
</testsuite> <!-- Test -->
