<?xml version="1.0" encoding="UTF-8"?>
<testng-results ignored="5" total="6" passed="1" failed="0" skipped="0">
  <reporter-output>
  </reporter-output>
  <suite started-at="2020-06-05T22:48:17 PDT" name="Suite" finished-at="2020-06-05T22:48:31 PDT" duration-ms="14149">
    <groups>
      <group name="smoke">
        <method signature="LoginTest.adminLogin()[pri:0, instance:com.hrms.testcases.LoginTest@3eb7fc54]" name="adminLogin" class="com.hrms.testcases.LoginTest"/>
      </group> <!-- smoke -->
    </groups>
    <test started-at="2020-06-05T22:48:17 PDT" name="Test" finished-at="2020-06-05T22:48:31 PDT" duration-ms="14149">
      <class name="com.hrms.testcases.LoginTest">
        <test-method is-config="true" signature="setUp()[pri:0, instance:com.hrms.testcases.LoginTest@3eb7fc54]" started-at="2020-06-05T22:48:17 PDT" name="setUp" finished-at="2020-06-05T22:48:25 PDT" duration-ms="7950" status="PASS">
          <reporter-output>
          </reporter-output>
        </test-method> <!-- setUp -->
        <test-method signature="adminLogin()[pri:0, instance:com.hrms.testcases.LoginTest@3eb7fc54]" started-at="2020-06-05T22:48:25 PDT" name="adminLogin" finished-at="2020-06-05T22:48:31 PDT" duration-ms="5439" status="PASS">
          <reporter-output>
          </reporter-output>
        </test-method> <!-- adminLogin -->
        <test-method is-config="true" signature="tearDown()[pri:0, instance:com.hrms.testcases.LoginTest@3eb7fc54]" started-at="2020-06-05T22:48:31 PDT" name="tearDown" finished-at="2020-06-05T22:48:31 PDT" duration-ms="691" status="PASS">
          <reporter-output>
          </reporter-output>
        </test-method> <!-- tearDown -->
      </class> <!-- com.hrms.testcases.LoginTest -->
    </test> <!-- Test -->
  </suite> <!-- Suite -->
</testng-results>
