<?xml version="1.0" encoding="UTF-8"?>
<testng-results ignored="11" total="12" passed="1" failed="0" skipped="0">
  <reporter-output>
  </reporter-output>
  <suite started-at="2020-06-06T15:26:58 PDT" name="Suite" finished-at="2020-06-06T15:27:09 PDT" duration-ms="11092">
    <groups>
      <group name="smoke">
        <method signature="LoginTest.adminLogin()[pri:0, instance:com.hrms.testcases.LoginTest@418e7838]" name="adminLogin" class="com.hrms.testcases.LoginTest"/>
      </group> <!-- smoke -->
    </groups>
    <test started-at="2020-06-06T15:26:58 PDT" name="Test" finished-at="2020-06-06T15:27:09 PDT" duration-ms="11092">
      <class name="com.hrms.testcases.LoginTest">
        <test-method is-config="true" signature="setUp()[pri:0, instance:com.hrms.testcases.LoginTest@418e7838]" started-at="2020-06-06T15:26:58 PDT" name="setUp" finished-at="2020-06-06T15:27:04 PDT" duration-ms="5898" status="PASS">
          <reporter-output>
          </reporter-output>
        </test-method> <!-- setUp -->
        <test-method signature="adminLogin()[pri:0, instance:com.hrms.testcases.LoginTest@418e7838]" started-at="2020-06-06T15:27:04 PDT" name="adminLogin" finished-at="2020-06-06T15:27:08 PDT" duration-ms="3598" status="PASS">
          <reporter-output>
          </reporter-output>
        </test-method> <!-- adminLogin -->
        <test-method is-config="true" signature="tearDown()[pri:0, instance:com.hrms.testcases.LoginTest@418e7838]" started-at="2020-06-06T15:27:08 PDT" name="tearDown" finished-at="2020-06-06T15:27:09 PDT" duration-ms="815" status="PASS">
          <reporter-output>
          </reporter-output>
        </test-method> <!-- tearDown -->
      </class> <!-- com.hrms.testcases.LoginTest -->
      <class name="com.hrms.testcases.AddEmployeeTest">
        <test-method is-config="true" signature="generateReport()[pri:0, instance:com.hrms.testcases.AddEmployeeTest@5ae50ce6]" started-at="2020-06-06T15:26:58 PDT" name="generateReport" finished-at="2020-06-06T15:26:58 PDT" duration-ms="238" status="PASS">
          <reporter-output>
          </reporter-output>
        </test-method> <!-- generateReport -->
        <test-method is-config="true" signature="writeReport()[pri:0, instance:com.hrms.testcases.AddEmployeeTest@5ae50ce6]" started-at="2020-06-06T15:27:09 PDT" name="writeReport" finished-at="2020-06-06T15:27:09 PDT" duration-ms="483" status="PASS">
          <reporter-output>
          </reporter-output>
        </test-method> <!-- writeReport -->
      </class> <!-- com.hrms.testcases.AddEmployeeTest -->
    </test> <!-- Test -->
  </suite> <!-- Suite -->
</testng-results>
